<?xml version="1.0" encoding="UTF-8"?>
<!-- Generated by org.testng.reporters.JUnitReportReporter -->
<testsuite skipped="0" hostname="LAPTOP-H69MIC0M" name="com.crm.qa.testcases.ContactsPageTest" tests="3" failures="0" timestamp="07 Nov 2018 04:56:09 GMT" time="54.193" errors="0">
  <testcase name="verifyContactsPageLabel" time="18.918" classname="com.crm.qa.testcases.ContactsPageTest"/>
  <testcase name="selectSingleContactsTest" time="18.528" classname="com.crm.qa.testcases.ContactsPageTest"/>
  <testcase name="selectMultipleContactsTest" time="16.747" classname="com.crm.qa.testcases.ContactsPageTest"/>
</testsuite> <!-- com.crm.qa.testcases.ContactsPageTest -->
