<?xml version="1.0" encoding="UTF-8"?>
<!-- Generated by org.testng.reporters.JUnitReportReporter -->
<testsuite skipped="0" hostname="LAPTOP-H69MIC0M" name="com.crm.qa.testcases.LoginPageTest" tests="3" failures="0" timestamp="07 Nov 2018 04:56:09 GMT" time="31.023" errors="0">
  <testcase name="loginPageTitleTest" time="9.094" classname="com.crm.qa.testcases.LoginPageTest"/>
  <testcase name="crmLogoImageTest" time="9.168" classname="com.crm.qa.testcases.LoginPageTest"/>
  <testcase name="loginTest" time="12.761" classname="com.crm.qa.testcases.LoginPageTest"/>
</testsuite> <!-- com.crm.qa.testcases.LoginPageTest -->
