<?xml version="1.0" encoding="UTF-8"?>
<!-- Generated by org.testng.reporters.JUnitReportReporter -->
<testsuite skipped="0" hostname="LAPTOP-H69MIC0M" name="com.crm.qa.testcases.HomePageTest" tests="3" failures="0" timestamp="07 Nov 2018 04:56:09 GMT" time="48.084" errors="0">
  <testcase name="verifyHomePageTitleTest" time="20.884" classname="com.crm.qa.testcases.HomePageTest"/>
  <testcase name="verifyUserNameTest" time="10.702" classname="com.crm.qa.testcases.HomePageTest"/>
  <testcase name="verifyContactsLinkTest" time="16.498" classname="com.crm.qa.testcases.HomePageTest"/>
</testsuite> <!-- com.crm.qa.testcases.HomePageTest -->
